{
  "RSpec": {
    "coverage": {
      "/home/nikita/Study/OPO/labs/labs/lab1/lib/conversion.rb": {
        "lines": [
          1,
          1,
          5,
          null,
          4,
          null,
          1,
          null,
          2,
          null,
          1,
          null,
          null,
          4,
          null,
          null,
          1,
          1,
          null,
          0,
          null,
          1,
          null,
          null,
          1,
          null,
          null,
          1,
          2,
          null,
          1,
          null,
          1,
          null,
          null,
          2,
          null,
          null,
          1,
          1,
          null,
          1,
          null,
          0,
          null,
          1,
          null,
          null
        ]
      }
    },
    "timestamp": 1601989237
  }
}
