{
  "RSpec": {
    "coverage": {
      "/home/nikita/Study/OPO/labs/labs/lab2/lib/calculation.rb": {
        "lines": [
          1,
          1,
          4,
          null,
          null,
          1,
          1,
          null,
          null,
          1,
          1,
          null,
          null,
          1,
          14,
          null,
          null,
          1,
          1,
          8,
          1,
          null,
          null
        ]
      }
    },
    "timestamp": 1602705004
  }
}
